<?xml version="1.0" encoding="UTF-8"?>
<testng-results skipped="0" failed="0" ignored="0" total="1" passed="1">
  <reporter-output>
  </reporter-output>
  <suite name="Default suite" duration-ms="923" started-at="2020-10-31T10:15:26 IST" finished-at="2020-10-31T10:15:27 IST">
    <groups>
    </groups>
    <test name="Default test" duration-ms="923" started-at="2020-10-31T10:15:26 IST" finished-at="2020-10-31T10:15:27 IST">
      <class name="phoenix.PdfReader">
        <test-method status="PASS" signature="readPdfContent()[pri:0, instance:phoenix.PdfReader@3fd7a715]" name="readPdfContent" duration-ms="857" started-at="2020-10-31T10:15:27 IST" finished-at="2020-10-31T10:15:27 IST">
          <reporter-output>
          </reporter-output>
        </test-method> <!-- readPdfContent -->
      </class> <!-- phoenix.PdfReader -->
    </test> <!-- Default test -->
  </suite> <!-- Default suite -->
</testng-results>
